[2021-08-30 20:28:14.801052] Start: DIAMOND-I
[2021-08-30 20:29:04.594307] DIAMOND-I	51/695	Errno.429	Too busy
[2021-08-30 20:32:22.174954] DIAMOND-I	55/695	Errno.200	Unknown error. But continue. Retry: 3
[2021-08-30 20:33:55.779292] DIAMOND-I	144/695	Errno.200	Unknown error. But continue. Retry: 3
[2021-08-30 20:33:57.173596] DIAMOND-I	145/695	Errno.200	Unknown error. But continue. Retry: 3
[2021-08-30 20:33:57.596917] DIAMOND-I	145/695	Errno.429	Too busy
[2021-08-30 20:36:51.702385] DIAMOND-I	195/695	Errno.429	Too busy
[2021-08-30 20:39:42.245347] DIAMOND-I	245/695	Errno.429	Too busy
[2021-08-30 20:42:36.040950] DIAMOND-I	295/695	Errno.429	Too busy
[2021-08-30 20:45:28.035332] DIAMOND-I	345/695	Errno.429	Too busy
[2021-08-30 20:49:04.522504] DIAMOND-I	395/695	Errno.429	Too busy
[2021-08-30 20:52:11.798314] DIAMOND-I	445/695	Errno.429	Too busy
[2021-08-30 20:54:25.342981] DIAMOND-I	456/695	Errno.200	Unknown error. But continue. Retry: 3
[2021-08-30 20:55:06.070271] DIAMOND-I	494/695	Errno.429	Too busy
[2021-08-30 20:58:26.678343] DIAMOND-I	544/695	Errno.429	Too busy
[2021-08-30 21:01:40.084599] DIAMOND-I	594/695	Errno.429	Too busy
[2021-08-30 21:04:34.334620] DIAMOND-I	644/695	Errno.429	Too busy
[2021-08-30 21:07:29.606677] DIAMOND-I	694/695	Errno.429	Too busy
[2021-08-30 21:09:32.645445] DIAMOND-I	695/695	Errno.200	Unknown error. But continue. Retry: 3
[2021-08-30 21:09:32.645445] DIAMOND-I	695/695	Errno.200	Unknown error. But continue. Retry: 2
[2021-08-30 21:09:32.650686] DIAMOND-I	695/695	Errno.200	Unknown error. But continue. Retry: 1
[2021-08-30 21:09:32.650686] DIAMOND-I	695/695	Errno.200	Unknown error. Pass! Retry: 0
[2021-08-30 21:09:35.667074] End: DIAMOND-I
[2021-08-30 21:09:35.667074] Start: DIAMOND-II
[2021-08-30 21:09:42.825815] DIAMOND-II	6/347	Errno.503	Service unavailable. But continue. Retry: 3
[2021-08-30 21:10:30.973326] DIAMOND-II	49/347	Errno.429	Too busy
[2021-08-30 21:13:45.857744] DIAMOND-II	99/347	Errno.429	Too busy
[2021-08-30 21:16:42.398618] DIAMOND-II	149/347	Errno.429	Too busy
[2021-08-30 21:20:52.499274] DIAMOND-II	167/347	Errno.200	Unknown error. But continue. Retry: 3
[2021-08-30 21:22:56.800088] DIAMOND-II	171/347	Errno.200	Unknown error. But continue. Retry: 3
[2021-08-30 21:23:33.130345] DIAMOND-II	173/347	Errno.200	Unknown error. But continue. Retry: 3
[2021-08-30 21:24:07.808744] DIAMOND-II	181/347	Errno.200	Unknown error. But continue. Retry: 3
[2021-08-30 21:25:20.244362] DIAMOND-II	182/347	Errno.200	Unknown error. But continue. Retry: 3
[2021-08-30 21:27:02.009462] DIAMOND-II	232/347	Errno.429	Too busy
[2021-08-30 21:29:57.193928] DIAMOND-II	282/347	Errno.429	Too busy
[2021-08-30 21:32:54.648068] DIAMOND-II	332/347	Errno.429	Too busy
[2021-08-30 21:35:11.102452] DIAMOND-II	347/347	Errno.200	Unknown error. But continue. Retry: 3
[2021-08-30 21:35:11.118074] DIAMOND-II	347/347	Errno.200	Unknown error. But continue. Retry: 2
[2021-08-30 21:35:11.118074] DIAMOND-II	347/347	Errno.200	Unknown error. But continue. Retry: 1
[2021-08-30 21:35:11.119244] DIAMOND-II	347/347	Errno.200	Unknown error. Pass! Retry: 0
[2021-08-30 21:35:14.133310] End: DIAMOND-II
[2021-08-30 21:35:14.133310] Start: DIAMOND-III
[2021-08-30 21:35:52.267992] DIAMOND-III	36/1392	Errno.429	Too busy
[2021-08-30 21:38:47.724000] DIAMOND-III	86/1392	Errno.429	Too busy
[2021-08-30 21:41:41.298085] DIAMOND-III	136/1392	Errno.429	Too busy
[2021-08-30 21:45:14.012998] DIAMOND-III	186/1392	Errno.429	Too busy
[2021-08-30 21:48:47.924299] DIAMOND-III	231/1392	Errno.200	Unknown error. But continue. Retry: 3
[2021-08-30 21:48:53.788761] DIAMOND-III	235/1392	Errno.429	Too busy
[2021-08-30 21:52:08.038834] DIAMOND-III	285/1392	Errno.429	Too busy
[2021-08-30 21:55:04.153267] DIAMOND-III	334/1392	Errno.200	Unknown error. But continue. Retry: 3
[2021-08-30 21:55:04.656329] DIAMOND-III	334/1392	Errno.429	Too busy
[2021-08-30 21:57:46.459804] DIAMOND-III	336/1392	Errno.200	Unknown error. But continue. Retry: 3
[2021-08-30 21:58:40.964883] DIAMOND-III	383/1392	Errno.200	Unknown error. But continue. Retry: 3
[2021-08-30 21:58:41.452502] DIAMOND-III	383/1392	Errno.429	Too busy
[2021-08-30 22:01:35.074433] DIAMOND-III	433/1392	Errno.429	Too busy
[2021-08-30 22:04:40.971875] DIAMOND-III	483/1392	Errno.429	Too busy
[2021-08-30 22:07:37.304685] DIAMOND-III	533/1392	Errno.429	Too busy
[2021-08-30 22:10:36.216155] DIAMOND-III	583/1392	Errno.429	Too busy
[2021-08-30 22:13:33.822071] DIAMOND-III	633/1392	Errno.429	Too busy
[2021-08-30 22:16:28.432564] DIAMOND-III	683/1392	Errno.429	Too busy
[2021-08-30 22:19:23.940703] DIAMOND-III	733/1392	Errno.429	Too busy
[2021-08-30 22:23:13.891568] DIAMOND-III	783/1392	Errno.429	Too busy
[2021-08-30 22:26:09.837812] DIAMOND-III	833/1392	Errno.429	Too busy
[2021-08-30 22:28:28.280563] DIAMOND-III	849/1392	Errno.200	Unknown error. But continue. Retry: 3
[2021-08-30 22:29:05.846405] DIAMOND-III	882/1392	Errno.429	Too busy
[2021-08-30 22:32:02.909699] DIAMOND-III	932/1392	Errno.429	Too busy
[2021-08-30 22:34:39.823453] DIAMOND-III	964/1392	Errno.503	Service unavailable. But continue. Retry: 3
[2021-08-30 22:34:58.463043] DIAMOND-III	981/1392	Errno.429	Too busy
[2021-08-30 22:37:53.606254] DIAMOND-III	1031/1392	Errno.429	Too busy
[2021-08-30 22:40:31.480861] DIAMOND-III	1064/1392	Errno.503	Service unavailable. But continue. Retry: 3
[2021-08-30 22:40:49.561299] DIAMOND-III	1080/1392	Errno.429	Too busy
[2021-08-30 22:43:43.756617] DIAMOND-III	1130/1392	Errno.429	Too busy
[2021-08-30 22:46:36.264119] DIAMOND-III	1177/1392	Errno.200	Unknown error. But continue. Retry: 3
[2021-08-30 22:46:38.867009] DIAMOND-III	1179/1392	Errno.429	Too busy
[2021-08-30 22:49:33.765793] DIAMOND-III	1229/1392	Errno.429	Too busy
[2021-08-30 22:52:21.377218] DIAMOND-III	1269/1392	Errno.200	Unknown error. But continue. Retry: 3
[2021-08-30 22:52:32.181271] DIAMOND-III	1278/1392	Errno.429	Too busy
[2021-08-30 22:55:26.447639] DIAMOND-III	1328/1392	Errno.429	Too busy
[2021-08-30 22:58:21.288779] DIAMOND-III	1378/1392	Errno.429	Too busy
[2021-08-30 23:00:36.566623] DIAMOND-III	1392/1392	Errno.200	Unknown error. But continue. Retry: 3
[2021-08-30 23:00:36.566623] DIAMOND-III	1392/1392	Errno.200	Unknown error. But continue. Retry: 2
[2021-08-30 23:00:36.566623] DIAMOND-III	1392/1392	Errno.200	Unknown error. But continue. Retry: 1
[2021-08-30 23:00:36.573483] DIAMOND-III	1392/1392	Errno.200	Unknown error. Pass! Retry: 0
[2021-08-30 23:00:39.588542] End: DIAMOND-III
[2021-08-30 23:00:39.588542] Start: DIAMOND-IV
[2021-08-30 23:01:17.211672] DIAMOND-IV	37/1954	Errno.429	Too busy
[2021-08-30 23:04:11.020734] DIAMOND-IV	87/1954	Errno.429	Too busy
[2021-08-30 23:07:07.305075] DIAMOND-IV	137/1954	Errno.429	Too busy
[2021-08-30 23:10:02.598776] DIAMOND-IV	187/1954	Errno.429	Too busy
[2021-08-30 23:12:56.396376] DIAMOND-IV	237/1954	Errno.429	Too busy
[2021-08-30 23:15:50.711489] DIAMOND-IV	287/1954	Errno.429	Too busy
[2021-08-30 23:18:47.544377] DIAMOND-IV	337/1954	Errno.429	Too busy
[2021-08-30 23:21:12.457942] DIAMOND-IV	356/1954	Errno.200	Unknown error. But continue. Retry: 3
[2021-08-30 23:21:46.128688] DIAMOND-IV	386/1954	Errno.429	Too busy
[2021-08-30 23:23:51.709699] DIAMOND-IV	389/1954	Errno.503	Service unavailable. But continue. Retry: 3
[2021-08-30 23:24:42.079625] DIAMOND-IV	435/1954	Errno.429	Too busy
[2021-08-30 23:26:56.748869] DIAMOND-IV	446/1954	Errno.503	Service unavailable. But continue. Retry: 3
[2021-08-30 23:27:29.237126] DIAMOND-IV	474/1954	Errno.200	Unknown error. But continue. Retry: 3
[2021-08-30 23:27:39.682758] DIAMOND-IV	483/1954	Errno.429	Too busy
[2021-08-30 23:30:37.633300] DIAMOND-IV	533/1954	Errno.429	Too busy
[2021-08-30 23:33:34.118783] DIAMOND-IV	583/1954	Errno.429	Too busy
[2021-08-30 23:36:31.417938] DIAMOND-IV	633/1954	Errno.429	Too busy
[2021-08-30 23:39:25.913693] DIAMOND-IV	683/1954	Errno.429	Too busy
[2021-08-30 23:42:24.092085] DIAMOND-IV	733/1954	Errno.429	Too busy
[2021-08-30 23:45:01.881259] DIAMOND-IV	765/1954	Errno.503	Service unavailable. But continue. Retry: 3
[2021-08-30 23:45:07.038206] DIAMOND-IV	768/1954	Errno.200	Unknown error. But continue. Retry: 3
[2021-08-30 23:45:22.306762] DIAMOND-IV	781/1954	Errno.429	Too busy
[2021-08-30 23:48:17.428132] DIAMOND-IV	831/1954	Errno.429	Too busy
[2021-08-30 23:50:59.471885] DIAMOND-IV	868/1954	Errno.503	Service unavailable. But continue. Retry: 3
[2021-08-30 23:51:12.632642] DIAMOND-IV	880/1954	Errno.429	Too busy
[2021-08-30 23:54:06.523367] DIAMOND-IV	930/1954	Errno.429	Too busy
[2021-08-30 23:57:00.299732] DIAMOND-IV	980/1954	Errno.429	Too busy
[2021-08-30 23:59:11.425609] DIAMOND-IV	987/1954	Errno.503	Service unavailable. But continue. Retry: 3
[2021-08-30 23:59:58.781625] DIAMOND-IV	1029/1954	Errno.429	Too busy
[2021-08-31 00:02:54.763206] DIAMOND-IV	1079/1954	Errno.429	Too busy
[2021-08-31 00:05:52.291044] DIAMOND-IV	1129/1954	Errno.429	Too busy
[2021-08-31 00:08:48.977378] DIAMOND-IV	1179/1954	Errno.429	Too busy
[2021-08-31 00:11:46.590848] DIAMOND-IV	1229/1954	Errno.429	Too busy
[2021-08-31 00:14:41.680591] DIAMOND-IV	1279/1954	Errno.429	Too busy
[2021-08-31 00:17:37.615302] DIAMOND-IV	1329/1954	Errno.429	Too busy
[2021-08-31 00:19:41.878463] DIAMOND-IV	1331/1954	Errno.503	Service unavailable. But continue. Retry: 3
[2021-08-31 00:19:49.923373] DIAMOND-IV	1337/1954	Errno.503	Service unavailable. But continue. Retry: 3
[2021-08-31 00:20:34.714882] DIAMOND-IV	1377/1954	Errno.429	Too busy
[2021-08-31 00:23:30.059669] DIAMOND-IV	1427/1954	Errno.429	Too busy
[2021-08-31 00:26:27.361789] DIAMOND-IV	1477/1954	Errno.429	Too busy
[2021-08-31 00:29:23.932998] DIAMOND-IV	1527/1954	Errno.429	Too busy
[2021-08-31 00:32:19.388173] DIAMOND-IV	1577/1954	Errno.429	Too busy
[2021-08-31 00:35:16.767009] DIAMOND-IV	1627/1954	Errno.429	Too busy
[2021-08-31 00:37:57.780281] DIAMOND-IV	1661/1954	Errno.200	Unknown error. But continue. Retry: 3
[2021-08-31 00:38:15.022518] DIAMOND-IV	1676/1954	Errno.429	Too busy
[2021-08-31 00:41:06.748582] DIAMOND-IV	1720/1954	Errno.503	Service unavailable. But continue. Retry: 3
[2021-08-31 00:41:13.309937] DIAMOND-IV	1725/1954	Errno.429	Too busy
[2021-08-31 00:44:09.159221] DIAMOND-IV	1775/1954	Errno.429	Too busy
[2021-08-31 00:46:40.459079] DIAMOND-IV	1802/1954	Errno.200	Unknown error. But continue. Retry: 3
[2021-08-31 00:47:04.897609] DIAMOND-IV	1824/1954	Errno.429	Too busy
[2021-08-31 00:50:00.254373] DIAMOND-IV	1874/1954	Errno.429	Too busy
[2021-08-31 00:52:53.628727] DIAMOND-IV	1920/1954	Errno.200	Unknown error. But continue. Retry: 3
[2021-08-31 00:52:57.270068] DIAMOND-IV	1923/1954	Errno.429	Too busy
[2021-08-31 00:55:30.583685] DIAMOND-IV	1954/1954	Errno.200	Unknown error. But continue. Retry: 3
[2021-08-31 00:55:30.583685] DIAMOND-IV	1954/1954	Errno.200	Unknown error. But continue. Retry: 2
[2021-08-31 00:55:30.583685] DIAMOND-IV	1954/1954	Errno.200	Unknown error. But continue. Retry: 1
[2021-08-31 00:55:30.593550] DIAMOND-IV	1954/1954	Errno.200	Unknown error. Pass! Retry: 0
[2021-08-31 00:55:33.608053] End: DIAMOND-IV
[2021-08-31 00:55:33.608053] Start: PLATINUM-I
[2021-08-31 00:55:54.721305] PLATINUM-I	20/2073	Errno.429	Too busy
[2021-08-31 00:58:51.841315] PLATINUM-I	70/2073	Errno.429	Too busy
[2021-08-31 01:01:47.651862] PLATINUM-I	120/2073	Errno.429	Too busy
[2021-08-31 01:04:43.270976] PLATINUM-I	170/2073	Errno.429	Too busy
[2021-08-31 01:07:41.240147] PLATINUM-I	220/2073	Errno.429	Too busy
[2021-08-31 01:10:38.754801] PLATINUM-I	270/2073	Errno.429	Too busy
[2021-08-31 01:13:09.731224] PLATINUM-I	295/2073	Errno.503	Service unavailable. But continue. Retry: 3
[2021-08-31 01:13:41.296364] PLATINUM-I	319/2073	Errno.429	Too busy
[2021-08-31 01:16:41.958520] PLATINUM-I	369/2073	Errno.429	Too busy
[2021-08-31 01:19:19.030949] PLATINUM-I	400/2073	Errno.200	Unknown error. But continue. Retry: 3
[2021-08-31 01:19:40.615245] PLATINUM-I	418/2073	Errno.429	Too busy
[2021-08-31 01:22:32.950919] PLATINUM-I	463/2073	Errno.200	Unknown error. But continue. Retry: 3
[2021-08-31 01:22:37.852886] PLATINUM-I	467/2073	Errno.429	Too busy
[2021-08-31 01:25:37.341070] PLATINUM-I	517/2073	Errno.429	Too busy
[2021-08-31 01:28:34.159019] PLATINUM-I	567/2073	Errno.429	Too busy
[2021-08-31 01:31:32.919680] PLATINUM-I	617/2073	Errno.429	Too busy
[2021-08-31 01:34:31.770000] PLATINUM-I	667/2073	Errno.429	Too busy
[2021-08-31 01:36:47.581536] PLATINUM-I	679/2073	Errno.404	Not found
[2021-08-31 01:37:30.730873] PLATINUM-I	717/2073	Errno.429	Too busy
[2021-08-31 01:40:28.281467] PLATINUM-I	767/2073	Errno.429	Too busy
[2021-08-31 01:43:24.384676] PLATINUM-I	817/2073	Errno.429	Too busy
[2021-08-31 01:46:23.771591] PLATINUM-I	867/2073	Errno.429	Too busy
[2021-08-31 01:49:20.023408] PLATINUM-I	917/2073	Errno.429	Too busy
[2021-08-31 01:52:16.599514] PLATINUM-I	967/2073	Errno.429	Too busy
[2021-08-31 01:55:12.968287] PLATINUM-I	1017/2073	Errno.429	Too busy
[2021-08-31 01:58:10.579191] PLATINUM-I	1067/2073	Errno.429	Too busy
[2021-08-31 02:01:08.448626] PLATINUM-I	1117/2073	Errno.429	Too busy
[2021-08-31 02:04:05.374461] PLATINUM-I	1167/2073	Errno.429	Too busy
[2021-08-31 02:07:02.131195] PLATINUM-I	1217/2073	Errno.429	Too busy
[2021-08-31 02:09:25.313422] PLATINUM-I	1237/2073	Errno.200	Unknown error. But continue. Retry: 3
[2021-08-31 02:09:59.068128] PLATINUM-I	1266/2073	Errno.429	Too busy
[2021-08-31 02:12:49.825971] PLATINUM-I	1308/2073	Errno.503	Service unavailable. But continue. Retry: 3
[2021-08-31 02:12:59.413841] PLATINUM-I	1315/2073	Errno.429	Too busy
[2021-08-31 02:15:26.050022] PLATINUM-I	1336/2073	Errno.503	Service unavailable. But continue. Retry: 3
[2021-08-31 02:15:59.225525] PLATINUM-I	1364/2073	Errno.429	Too busy
[2021-08-31 02:18:54.122169] PLATINUM-I	1414/2073	Errno.429	Too busy
[2021-08-31 02:21:03.346218] PLATINUM-I	1421/2073	Errno.404	Not found
[2021-08-31 02:21:53.512486] PLATINUM-I	1464/2073	Errno.429	Too busy
[2021-08-31 02:24:52.273643] PLATINUM-I	1514/2073	Errno.429	Too busy
[2021-08-31 02:27:49.779759] PLATINUM-I	1564/2073	Errno.429	Too busy
[2021-08-31 02:30:37.926000] PLATINUM-I	1604/2073	Errno.503	Service unavailable. But continue. Retry: 3
[2021-08-31 02:30:48.787215] PLATINUM-I	1613/2073	Errno.429	Too busy
[2021-08-31 02:33:37.394910] PLATINUM-I	1653/2073	Errno.200	Unknown error. But continue. Retry: 3
[2021-08-31 02:33:48.171683] PLATINUM-I	1662/2073	Errno.429	Too busy
[2021-08-31 02:36:45.180395] PLATINUM-I	1712/2073	Errno.429	Too busy
[2021-08-31 02:39:35.741592] PLATINUM-I	1754/2073	Errno.503	Service unavailable. But continue. Retry: 3
[2021-08-31 02:39:37.752906] PLATINUM-I	1754/2073	Errno.503	Service unavailable. But continue. Retry: 2
[2021-08-31 02:39:45.224407] PLATINUM-I	1760/2073	Errno.429	Too busy
[2021-08-31 02:41:51.117739] PLATINUM-I	1764/2073	Errno.200	Unknown error. But continue. Retry: 3
[2021-08-31 02:42:18.249640] PLATINUM-I	1785/2073	Errno.200	Unknown error. But continue. Retry: 3
[2021-08-31 02:42:28.956041] PLATINUM-I	1792/2073	Errno.503	Service unavailable. But continue. Retry: 3
[2021-08-31 02:42:46.842004] PLATINUM-I	1807/2073	Errno.429	Too busy
[2021-08-31 02:46:03.289346] PLATINUM-I	1857/2073	Errno.429	Too busy
[2021-08-31 02:49:13.190808] PLATINUM-I	1907/2073	Errno.429	Too busy
[2021-08-31 02:51:32.370116] PLATINUM-I	1917/2073	Errno.200	Unknown error. But continue. Retry: 3
[2021-08-31 02:51:52.514357] PLATINUM-I	1927/2073	Errno.503	Service unavailable. But continue. Retry: 3
[2021-08-31 02:52:09.056219] PLATINUM-I	1939/2073	Errno.503	Service unavailable. But continue. Retry: 3
[2021-08-31 02:52:29.340141] PLATINUM-I	1954/2073	Errno.429	Too busy
[2021-08-31 02:55:39.239077] PLATINUM-I	2004/2073	Errno.429	Too busy
[2021-08-31 02:58:11.278526] PLATINUM-I	2030/2073	Errno.503	Service unavailable. But continue. Retry: 3
[2021-08-31 02:58:39.173810] PLATINUM-I	2053/2073	Errno.429	Too busy
[2021-08-31 03:01:01.091176] PLATINUM-I	2073/2073	Errno.200	Unknown error. But continue. Retry: 3
[2021-08-31 03:01:01.091176] PLATINUM-I	2073/2073	Errno.200	Unknown error. But continue. Retry: 2
[2021-08-31 03:01:01.091176] PLATINUM-I	2073/2073	Errno.200	Unknown error. But continue. Retry: 1
[2021-08-31 03:01:01.094221] PLATINUM-I	2073/2073	Errno.200	Unknown error. Pass! Retry: 0
[2021-08-31 03:01:04.100642] End: PLATINUM-I
[2021-08-31 03:01:04.104088] Start: PLATINUM-II
[2021-08-31 03:01:27.288184] PLATINUM-II	19/1785	Errno.503	Service unavailable. But continue. Retry: 3
[2021-08-31 03:01:40.383292] PLATINUM-II	30/1785	Errno.429	Too busy
[2021-08-31 03:04:24.635145] PLATINUM-II	67/1785	Errno.503	Service unavailable. But continue. Retry: 3
[2021-08-31 03:04:38.481257] PLATINUM-II	79/1785	Errno.429	Too busy
[2021-08-31 03:07:34.550844] PLATINUM-II	129/1785	Errno.429	Too busy
[2021-08-31 03:10:31.451125] PLATINUM-II	179/1785	Errno.429	Too busy
[2021-08-31 03:13:27.149130] PLATINUM-II	226/1785	Errno.503	Service unavailable. But continue. Retry: 3
[2021-08-31 03:13:29.524543] PLATINUM-II	228/1785	Errno.429	Too busy
[2021-08-31 03:15:42.397168] PLATINUM-II	238/1785	Errno.200	Unknown error. But continue. Retry: 3
[2021-08-31 03:16:30.191439] PLATINUM-II	277/1785	Errno.429	Too busy
[2021-08-31 03:19:29.692192] PLATINUM-II	327/1785	Errno.429	Too busy
[2021-08-31 03:21:49.486675] PLATINUM-II	342/1785	Errno.200	Unknown error. But continue. Retry: 3
[2021-08-31 03:22:42.872917] PLATINUM-II	375/1785	Errno.200	Unknown error. But continue. Retry: 3
[2021-08-31 03:22:43.363101] PLATINUM-II	375/1785	Errno.429	Too busy
[2021-08-31 03:25:10.923936] PLATINUM-II	395/1785	Errno.200	Unknown error. But continue. Retry: 3
[2021-08-31 03:25:50.127442] PLATINUM-II	424/1785	Errno.429	Too busy
[2021-08-31 03:29:14.010909] PLATINUM-II	474/1785	Errno.429	Too busy
[2021-08-31 03:32:32.227247] PLATINUM-II	524/1785	Errno.429	Too busy
[2021-08-31 03:35:31.663954] PLATINUM-II	574/1785	Errno.429	Too busy
[2021-08-31 03:38:12.358730] PLATINUM-II	608/1785	Errno.200	Unknown error. But continue. Retry: 3
[2021-08-31 03:38:29.449545] PLATINUM-II	623/1785	Errno.429	Too busy
[2021-08-31 03:40:40.036516] PLATINUM-II	631/1785	Errno.503	Service unavailable. But continue. Retry: 3
[2021-08-31 03:41:27.022769] PLATINUM-II	672/1785	Errno.429	Too busy
[2021-08-31 03:44:25.900109] PLATINUM-II	722/1785	Errno.429	Too busy
[2021-08-31 03:47:45.784174] PLATINUM-II	772/1785	Errno.429	Too busy
[2021-08-31 03:50:08.288536] PLATINUM-II	790/1785	Errno.503	Service unavailable. But continue. Retry: 3
[2021-08-31 03:50:44.517143] PLATINUM-II	821/1785	Errno.429	Too busy
[2021-08-31 03:52:57.635521] PLATINUM-II	830/1785	Errno.503	Service unavailable. But continue. Retry: 3
[2021-08-31 03:53:13.639990] PLATINUM-II	842/1785	Errno.503	Service unavailable. But continue. Retry: 3
[2021-08-31 03:53:45.046866] PLATINUM-II	869/1785	Errno.429	Too busy
[2021-08-31 03:55:47.000663] PLATINUM-II	869/1785	Errno.503	Service unavailable. But continue. Retry: 3
[2021-08-31 03:56:43.770694] PLATINUM-II	918/1785	Errno.429	Too busy
[2021-08-31 03:59:51.488503] PLATINUM-II	968/1785	Errno.429	Too busy
[2021-08-31 04:02:53.572693] PLATINUM-II	1014/1785	Errno.200	Unknown error. But continue. Retry: 3
[2021-08-31 04:02:57.731582] PLATINUM-II	1017/1785	Errno.429	Too busy
[2021-08-31 04:06:02.862279] PLATINUM-II	1067/1785	Errno.429	Too busy
[2021-08-31 04:09:01.272974] PLATINUM-II	1117/1785	Errno.429	Too busy
[2021-08-31 04:11:59.006639] PLATINUM-II	1167/1785	Errno.429	Too busy
[2021-08-31 04:14:31.551023] PLATINUM-II	1192/1785	Errno.200	Unknown error. But continue. Retry: 3
[2021-08-31 04:14:59.444792] PLATINUM-II	1216/1785	Errno.429	Too busy
[2021-08-31 04:17:49.629179] PLATINUM-II	1259/1785	Errno.200	Unknown error. But continue. Retry: 3
[2021-08-31 04:17:56.682384] PLATINUM-II	1265/1785	Errno.429	Too busy
[2021-08-31 04:20:55.807659] PLATINUM-II	1315/1785	Errno.429	Too busy
[2021-08-31 04:23:52.239157] PLATINUM-II	1365/1785	Errno.429	Too busy
[2021-08-31 04:26:52.800679] PLATINUM-II	1414/1785	Errno.503	Service unavailable. But continue. Retry: 3
[2021-08-31 04:26:53.628639] PLATINUM-II	1414/1785	Errno.429	Too busy
[2021-08-31 04:29:35.575845] PLATINUM-II	1449/1785	Errno.200	Unknown error. But continue. Retry: 3
[2021-08-31 04:29:40.325749] PLATINUM-II	1452/1785	Errno.200	Unknown error. But continue. Retry: 3
[2021-08-31 04:29:52.788362] PLATINUM-II	1462/1785	Errno.429	Too busy
[2021-08-31 04:32:50.673729] PLATINUM-II	1512/1785	Errno.429	Too busy
[2021-08-31 04:35:06.002850] PLATINUM-II	1524/1785	Errno.503	Service unavailable. But continue. Retry: 3
[2021-08-31 04:35:32.028147] PLATINUM-II	1545/1785	Errno.200	Unknown error. But continue. Retry: 3
[2021-08-31 04:35:49.217267] PLATINUM-II	1560/1785	Errno.429	Too busy
[2021-08-31 04:38:23.433193] PLATINUM-II	1588/1785	Errno.200	Unknown error. But continue. Retry: 3
[2021-08-31 04:38:45.492496] PLATINUM-II	1604/1785	Errno.200	Unknown error. But continue. Retry: 3
[2021-08-31 04:38:51.321771] PLATINUM-II	1608/1785	Errno.429	Too busy
[2021-08-31 04:41:47.965373] PLATINUM-II	1658/1785	Errno.429	Too busy
[2021-08-31 04:44:30.725198] PLATINUM-II	1694/1785	Errno.200	Unknown error. But continue. Retry: 3
[2021-08-31 04:44:46.101653] PLATINUM-II	1707/1785	Errno.429	Too busy
[2021-08-31 04:47:42.378047] PLATINUM-II	1757/1785	Errno.429	Too busy
[2021-08-31 04:50:14.722111] PLATINUM-II	1785/1785	Errno.200	Unknown error. But continue. Retry: 3
[2021-08-31 04:50:14.737712] PLATINUM-II	1785/1785	Errno.200	Unknown error. But continue. Retry: 2
[2021-08-31 04:50:14.737712] PLATINUM-II	1785/1785	Errno.200	Unknown error. But continue. Retry: 1
[2021-08-31 04:50:14.738680] PLATINUM-II	1785/1785	Errno.200	Unknown error. Pass! Retry: 0
[2021-08-31 04:50:17.752197] End: PLATINUM-II
[2021-08-31 04:50:17.757125] Start: PLATINUM-III
[2021-08-31 04:50:45.248531] PLATINUM-III	23/1903	Errno.429	Too busy
[2021-08-31 04:53:44.906698] PLATINUM-III	73/1903	Errno.429	Too busy
[2021-08-31 04:56:43.937994] PLATINUM-III	123/1903	Errno.429	Too busy
[2021-08-31 04:59:44.405644] PLATINUM-III	173/1903	Errno.429	Too busy
[2021-08-31 05:02:46.805440] PLATINUM-III	223/1903	Errno.429	Too busy
[2021-08-31 05:05:47.540095] PLATINUM-III	273/1903	Errno.429	Too busy
[2021-08-31 05:08:39.657661] PLATINUM-III	316/1903	Errno.200	Unknown error. But continue. Retry: 3
[2021-08-31 05:08:47.004185] PLATINUM-III	322/1903	Errno.429	Too busy
[2021-08-31 05:11:25.500042] PLATINUM-III	354/1903	Errno.503	Service unavailable. But continue. Retry: 3
[2021-08-31 05:11:46.296052] PLATINUM-III	371/1903	Errno.429	Too busy
[2021-08-31 05:14:44.891575] PLATINUM-III	421/1903	Errno.429	Too busy
[2021-08-31 05:17:09.299431] PLATINUM-III	440/1903	Errno.200	Unknown error. But continue. Retry: 3
[2021-08-31 05:17:21.046865] PLATINUM-III	449/1903	Errno.503	Service unavailable. But continue. Retry: 3
[2021-08-31 05:17:27.283912] PLATINUM-III	453/1903	Errno.200	Unknown error. But continue. Retry: 3
[2021-08-31 05:17:44.893110] PLATINUM-III	468/1903	Errno.429	Too busy
[2021-08-31 05:20:44.365015] PLATINUM-III	518/1903	Errno.429	Too busy
[2021-08-31 05:23:45.165084] PLATINUM-III	568/1903	Errno.429	Too busy
[2021-08-31 05:26:44.278047] PLATINUM-III	618/1903	Errno.429	Too busy
[2021-08-31 05:28:46.296794] PLATINUM-III	618/1903	Errno.200	Unknown error. But continue. Retry: 3
[2021-08-31 05:28:49.053460] PLATINUM-III	619/1903	Errno.200	Unknown error. But continue. Retry: 3
[2021-08-31 05:29:14.970247] PLATINUM-III	638/1903	Errno.503	Service unavailable. But continue. Retry: 3
[2021-08-31 05:29:48.648979] PLATINUM-III	665/1903	Errno.429	Too busy
[2021-08-31 05:32:50.124540] PLATINUM-III	715/1903	Errno.429	Too busy
[2021-08-31 05:35:48.657538] PLATINUM-III	765/1903	Errno.429	Too busy
[2021-08-31 05:38:24.573429] PLATINUM-III	794/1903	Errno.200	Unknown error. But continue. Retry: 3
[2021-08-31 05:38:28.511850] PLATINUM-III	796/1903	Errno.200	Unknown error. But continue. Retry: 3
[2021-08-31 05:38:43.449447] PLATINUM-III	807/1903	Errno.503	Service unavailable. But continue. Retry: 3
[2021-08-31 05:38:49.408394] PLATINUM-III	812/1903	Errno.429	Too busy
[2021-08-31 05:41:39.915340] PLATINUM-III	852/1903	Errno.503	Service unavailable. But continue. Retry: 3
[2021-08-31 05:41:51.169295] PLATINUM-III	861/1903	Errno.429	Too busy
[2021-08-31 05:44:20.527759] PLATINUM-III	884/1903	Errno.503	Service unavailable. But continue. Retry: 3
[2021-08-31 05:44:43.651325] PLATINUM-III	901/1903	Errno.200	Unknown error. But continue. Retry: 3
[2021-08-31 05:44:53.487760] PLATINUM-III	909/1903	Errno.429	Too busy
[2021-08-31 05:47:00.676827] PLATINUM-III	913/1903	Errno.503	Service unavailable. But continue. Retry: 3
[2021-08-31 05:47:56.798860] PLATINUM-III	958/1903	Errno.429	Too busy
[2021-08-31 05:50:55.863204] PLATINUM-III	1008/1903	Errno.429	Too busy
[2021-08-31 05:53:53.421559] PLATINUM-III	1058/1903	Errno.429	Too busy
[2021-08-31 05:56:40.977694] PLATINUM-III	1095/1903	Errno.503	Service unavailable. But continue. Retry: 3
[2021-08-31 05:56:56.024841] PLATINUM-III	1107/1903	Errno.429	Too busy
[2021-08-31 05:59:15.478868] PLATINUM-III	1122/1903	Errno.200	Unknown error. But continue. Retry: 3
[2021-08-31 05:59:55.909193] PLATINUM-III	1156/1903	Errno.429	Too busy
[2021-08-31 06:02:33.194593] PLATINUM-III	1186/1903	Errno.200	Unknown error. But continue. Retry: 3
[2021-08-31 06:02:55.756111] PLATINUM-III	1205/1903	Errno.429	Too busy
[2021-08-31 06:05:20.634843] PLATINUM-III	1224/1903	Errno.503	Service unavailable. But continue. Retry: 3
[2021-08-31 06:05:54.719363] PLATINUM-III	1254/1903	Errno.429	Too busy
[2021-08-31 06:08:53.245375] PLATINUM-III	1304/1903	Errno.429	Too busy
[2021-08-31 06:10:55.265248] PLATINUM-III	1304/1903	Errno.503	Service unavailable. But continue. Retry: 3
[2021-08-31 06:11:04.203331] PLATINUM-III	1310/1903	Errno.503	Service unavailable. But continue. Retry: 3
[2021-08-31 06:11:54.317604] PLATINUM-III	1352/1903	Errno.429	Too busy
[2021-08-31 06:13:57.377388] PLATINUM-III	1353/1903	Errno.503	Service unavailable. But continue. Retry: 3
[2021-08-31 06:14:05.217268] PLATINUM-III	1358/1903	Errno.503	Service unavailable. But continue. Retry: 3
[2021-08-31 06:14:31.292579] PLATINUM-III	1379/1903	Errno.503	Service unavailable. But continue. Retry: 3
[2021-08-31 06:14:55.295018] PLATINUM-III	1399/1903	Errno.429	Too busy
[2021-08-31 06:17:52.406309] PLATINUM-III	1447/1903	Errno.503	Service unavailable. But continue. Retry: 3
[2021-08-31 06:17:54.084744] PLATINUM-III	1448/1903	Errno.429	Too busy
[2021-08-31 06:20:54.560072] PLATINUM-III	1498/1903	Errno.429	Too busy
[2021-08-31 06:23:02.617749] PLATINUM-III	1503/1903	Errno.200	Unknown error. But continue. Retry: 3
[2021-08-31 06:23:55.221488] PLATINUM-III	1547/1903	Errno.429	Too busy
[2021-08-31 06:26:53.681406] PLATINUM-III	1597/1903	Errno.429	Too busy
[2021-08-31 06:29:52.458544] PLATINUM-III	1646/1903	Errno.503	Service unavailable. But continue. Retry: 3
[2021-08-31 06:29:53.007487] PLATINUM-III	1646/1903	Errno.429	Too busy
[2021-08-31 06:31:56.046320] PLATINUM-III	1647/1903	Errno.503	Service unavailable. But continue. Retry: 3
[2021-08-31 06:32:54.075323] PLATINUM-III	1695/1903	Errno.429	Too busy
[2021-08-31 06:35:55.708161] PLATINUM-III	1745/1903	Errno.429	Too busy
[2021-08-31 06:38:06.975884] PLATINUM-III	1753/1903	Errno.200	Unknown error. But continue. Retry: 3
[2021-08-31 06:38:55.033060] PLATINUM-III	1792/1903	Errno.503	Service unavailable. But continue. Retry: 3
[2021-08-31 06:38:56.862275] PLATINUM-III	1793/1903	Errno.429	Too busy
[2021-08-31 06:40:59.094307] PLATINUM-III	1793/1903	Errno.503	Service unavailable. But continue. Retry: 3
[2021-08-31 06:41:56.853667] PLATINUM-III	1842/1903	Errno.429	Too busy
[2021-08-31 06:44:28.186614] PLATINUM-III	1867/1903	Errno.200	Unknown error. But continue. Retry: 3
[2021-08-31 06:44:29.971640] PLATINUM-III	1867/1903	Errno.503	Service unavailable. But continue. Retry: 2
[2021-08-31 06:44:57.153164] PLATINUM-III	1890/1903	Errno.429	Too busy
[2021-08-31 06:47:13.436285] PLATINUM-III	1903/1903	Errno.200	Unknown error. But continue. Retry: 3
[2021-08-31 06:47:13.436285] PLATINUM-III	1903/1903	Errno.200	Unknown error. But continue. Retry: 2
[2021-08-31 06:47:13.436285] PLATINUM-III	1903/1903	Errno.200	Unknown error. But continue. Retry: 1
[2021-08-31 06:47:13.436285] PLATINUM-III	1903/1903	Errno.200	Unknown error. Pass! Retry: 0
[2021-08-31 06:47:16.460674] End: PLATINUM-III
[2021-08-31 06:47:16.463871] Start: PLATINUM-IV
[2021-08-31 06:47:33.085022] PLATINUM-IV	14/2242	Errno.503	Service unavailable. But continue. Retry: 3
[2021-08-31 06:47:37.470302] PLATINUM-IV	16/2242	Errno.503	Service unavailable. But continue. Retry: 3
[2021-08-31 06:48:00.379334] PLATINUM-IV	36/2242	Errno.429	Too busy
[2021-08-31 06:50:09.680951] PLATINUM-IV	42/2242	Errno.200	Unknown error. But continue. Retry: 3
[2021-08-31 06:51:01.928584] PLATINUM-IV	85/2242	Errno.429	Too busy
[2021-08-31 06:54:01.258610] PLATINUM-IV	135/2242	Errno.429	Too busy
[2021-08-31 06:56:18.275417] PLATINUM-IV	148/2242	Errno.503	Service unavailable. But continue. Retry: 3
[2021-08-31 06:56:52.107916] PLATINUM-IV	175/2242	Errno.503	Service unavailable. But continue. Retry: 3
[2021-08-31 06:57:02.078105] PLATINUM-IV	183/2242	Errno.429	Too busy
[2021-08-31 06:59:08.665115] PLATINUM-IV	187/2242	Errno.200	Unknown error. But continue. Retry: 3
[2021-08-31 06:59:39.350337] PLATINUM-IV	212/2242	Errno.200	Unknown error. But continue. Retry: 3
[2021-08-31 07:00:03.180340] PLATINUM-IV	231/2242	Errno.429	Too busy
[2021-08-31 07:03:03.079381] PLATINUM-IV	281/2242	Errno.429	Too busy
[2021-08-31 07:05:07.402564] PLATINUM-IV	283/2242	Errno.503	Service unavailable. But continue. Retry: 3
[2021-08-31 07:06:01.238859] PLATINUM-IV	330/2242	Errno.429	Too busy
[2021-08-31 07:08:24.955072] PLATINUM-IV	348/2242	Errno.503	Service unavailable. But continue. Retry: 3
[2021-08-31 07:09:02.037194] PLATINUM-IV	379/2242	Errno.429	Too busy
[2021-08-31 07:11:33.185036] PLATINUM-IV	405/2242	Errno.200	Unknown error. But continue. Retry: 3
[2021-08-31 07:12:00.416521] PLATINUM-IV	428/2242	Errno.429	Too busy
[2021-08-31 07:15:13.763521] PLATINUM-IV	478/2242	Errno.429	Too busy
[2021-08-31 07:18:22.872298] PLATINUM-IV	528/2242	Errno.429	Too busy
[2021-08-31 07:21:58.788015] PLATINUM-IV	578/2242	Errno.429	Too busy
[2021-08-31 07:24:59.406775] PLATINUM-IV	628/2242	Errno.429	Too busy
[2021-08-31 07:27:26.843621] PLATINUM-IV	649/2242	Errno.200	Unknown error. But continue. Retry: 3
[2021-08-31 07:27:59.213526] PLATINUM-IV	677/2242	Errno.429	Too busy
[2021-08-31 07:30:23.262628] PLATINUM-IV	696/2242	Errno.200	Unknown error. But continue. Retry: 3
[2021-08-31 07:30:42.586275] PLATINUM-IV	711/2242	Errno.200	Unknown error. But continue. Retry: 3
[2021-08-31 07:30:58.058755] PLATINUM-IV	725/2242	Errno.429	Too busy
[2021-08-31 07:33:27.920714] PLATINUM-IV	748/2242	Errno.200	Unknown error. But continue. Retry: 3
[2021-08-31 07:33:59.083643] PLATINUM-IV	774/2242	Errno.429	Too busy
[2021-08-31 07:36:58.320603] PLATINUM-IV	824/2242	Errno.429	Too busy
[2021-08-31 07:39:04.635906] PLATINUM-IV	828/2242	Errno.200	Unknown error. But continue. Retry: 3
[2021-08-31 07:39:56.141033] PLATINUM-IV	873/2242	Errno.429	Too busy
[2021-08-31 07:42:03.826966] PLATINUM-IV	878/2242	Errno.200	Unknown error. But continue. Retry: 3
[2021-08-31 07:42:53.525589] PLATINUM-IV	922/2242	Errno.429	Too busy
[2021-08-31 07:45:00.360002] PLATINUM-IV	926/2242	Errno.503	Service unavailable. But continue. Retry: 3
[2021-08-31 07:45:51.891341] PLATINUM-IV	971/2242	Errno.429	Too busy
[2021-08-31 07:48:50.756043] PLATINUM-IV	1021/2242	Errno.429	Too busy
[2021-08-31 07:51:49.186514] PLATINUM-IV	1071/2242	Errno.429	Too busy
[2021-08-31 07:53:54.358802] PLATINUM-IV	1074/2242	Errno.503	Service unavailable. But continue. Retry: 3
[2021-08-31 07:54:50.883620] PLATINUM-IV	1120/2242	Errno.429	Too busy
[2021-08-31 07:57:15.604657] PLATINUM-IV	1140/2242	Errno.503	Service unavailable. But continue. Retry: 3
[2021-08-31 07:57:52.917954] PLATINUM-IV	1169/2242	Errno.429	Too busy
[2021-08-31 08:00:53.611255] PLATINUM-IV	1219/2242	Errno.429	Too busy
[2021-08-31 08:03:00.310550] PLATINUM-IV	1223/2242	Errno.503	Service unavailable. But continue. Retry: 3
[2021-08-31 08:03:50.690472] PLATINUM-IV	1266/2242	Errno.200	Unknown error. But continue. Retry: 3
[2021-08-31 08:03:52.562511] PLATINUM-IV	1267/2242	Errno.429	Too busy
[2021-08-31 08:06:05.635758] PLATINUM-IV	1276/2242	Errno.200	Unknown error. But continue. Retry: 3
[2021-08-31 08:06:34.688272] PLATINUM-IV	1300/2242	Errno.200	Unknown error. But continue. Retry: 3
[2021-08-31 08:06:51.668910] PLATINUM-IV	1315/2242	Errno.429	Too busy
[2021-08-31 08:09:08.029406] PLATINUM-IV	1328/2242	Errno.200	Unknown error. But continue. Retry: 3
[2021-08-31 08:09:51.004756] PLATINUM-IV	1364/2242	Errno.429	Too busy
[2021-08-31 08:11:59.811563] PLATINUM-IV	1370/2242	Errno.503	Service unavailable. But continue. Retry: 3
[2021-08-31 08:12:33.075070] PLATINUM-IV	1396/2242	Errno.200	Unknown error. But continue. Retry: 3
[2021-08-31 08:12:50.929812] PLATINUM-IV	1412/2242	Errno.429	Too busy
[2021-08-31 08:15:05.147538] PLATINUM-IV	1422/2242	Errno.200	Unknown error. But continue. Retry: 3
[2021-08-31 08:15:51.258828] PLATINUM-IV	1461/2242	Errno.429	Too busy
[2021-08-31 08:18:31.649890] PLATINUM-IV	1495/2242	Errno.200	Unknown error. But continue. Retry: 3
[2021-08-31 08:18:50.233463] PLATINUM-IV	1510/2242	Errno.429	Too busy
[2021-08-31 08:21:50.573534] PLATINUM-IV	1560/2242	Errno.429	Too busy
[2021-08-31 08:24:01.813169] PLATINUM-IV	1568/2242	Errno.200	Unknown error. But continue. Retry: 3
[2021-08-31 08:24:07.185078] PLATINUM-IV	1571/2242	Errno.200	Unknown error. But continue. Retry: 3
[2021-08-31 08:24:50.134955] PLATINUM-IV	1608/2242	Errno.429	Too busy
[2021-08-31 08:27:51.394857] PLATINUM-IV	1658/2242	Errno.429	Too busy
[2021-08-31 08:30:35.230003] PLATINUM-IV	1694/2242	Errno.200	Unknown error. But continue. Retry: 3
[2021-08-31 08:30:42.795861] PLATINUM-IV	1699/2242	Errno.200	Unknown error. But continue. Retry: 3
[2021-08-31 08:30:52.215913] PLATINUM-IV	1706/2242	Errno.429	Too busy
[2021-08-31 08:33:49.874117] PLATINUM-IV	1756/2242	Errno.429	Too busy
[2021-08-31 08:35:55.095224] PLATINUM-IV	1759/2242	Errno.200	Unknown error. But continue. Retry: 3
[2021-08-31 08:36:43.160057] PLATINUM-IV	1798/2242	Errno.503	Service unavailable. But continue. Retry: 3
[2021-08-31 08:36:50.517433] PLATINUM-IV	1804/2242	Errno.429	Too busy
[2021-08-31 08:39:27.834788] PLATINUM-IV	1834/2242	Errno.503	Service unavailable. But continue. Retry: 3
[2021-08-31 08:39:51.411263] PLATINUM-IV	1853/2242	Errno.429	Too busy
[2021-08-31 08:43:46.449514] PLATINUM-IV	1903/2242	Errno.429	Too busy
[2021-08-31 08:46:03.158761] PLATINUM-IV	1915/2242	Errno.503	Service unavailable. But continue. Retry: 3
[2021-08-31 08:46:47.080439] PLATINUM-IV	1952/2242	Errno.429	Too busy
[2021-08-31 08:49:45.249810] PLATINUM-IV	2002/2242	Errno.429	Too busy
[2021-08-31 08:52:40.988933] PLATINUM-IV	2042/2242	Errno.200	Unknown error. But continue. Retry: 3
[2021-08-31 08:52:51.997635] PLATINUM-IV	2051/2242	Errno.429	Too busy
[2021-08-31 08:55:51.668289] PLATINUM-IV	2101/2242	Errno.429	Too busy
[2021-08-31 08:58:49.303844] PLATINUM-IV	2151/2242	Errno.429	Too busy
[2021-08-31 09:01:40.083604] PLATINUM-IV	2189/2242	Errno.200	Unknown error. But continue. Retry: 3
[2021-08-31 09:01:56.053069] PLATINUM-IV	2200/2242	Errno.429	Too busy
[2021-08-31 09:04:52.917765] PLATINUM-IV	2242/2242	Errno.200	Unknown error. But continue. Retry: 3
[2021-08-31 09:04:52.917765] PLATINUM-IV	2242/2242	Errno.200	Unknown error. But continue. Retry: 2
[2021-08-31 09:04:52.917765] PLATINUM-IV	2242/2242	Errno.200	Unknown error. But continue. Retry: 1
[2021-08-31 09:04:52.922170] PLATINUM-IV	2242/2242	Errno.200	Unknown error. Pass! Retry: 0
[2021-08-31 09:04:55.927111] End: PLATINUM-IV
[2021-08-31 09:04:55.931865] Start: GOLD-I
[2021-08-31 09:05:02.155171] GOLD-I	3/2335	Errno.200	Unknown error. But continue. Retry: 3
[2021-08-31 09:05:10.175920] GOLD-I	8/2335	Errno.429	Too busy
[2021-08-31 09:07:21.128225] GOLD-I	13/2335	Errno.404	Not found
[2021-08-31 09:08:23.243049] GOLD-I	58/2335	Errno.429	Too busy
[2021-08-31 09:11:40.886998] GOLD-I	108/2335	Errno.429	Too busy
[2021-08-31 09:14:55.187186] GOLD-I	158/2335	Errno.429	Too busy
[2021-08-31 09:17:56.947130] GOLD-I	208/2335	Errno.429	Too busy
[2021-08-31 09:20:00.875646] GOLD-I	210/2335	Errno.200	Unknown error. But continue. Retry: 3
[2021-08-31 09:21:19.534587] GOLD-I	257/2335	Errno.429	Too busy
[2021-08-31 09:24:19.331737] GOLD-I	307/2335	Errno.429	Too busy
[2021-08-31 09:27:00.632102] GOLD-I	339/2335	Errno.200	Unknown error. But continue. Retry: 3
[2021-08-31 09:27:20.754070] GOLD-I	356/2335	Errno.429	Too busy
[2021-08-31 09:29:31.099258] GOLD-I	363/2335	Errno.200	Unknown error. But continue. Retry: 3
[2021-08-31 09:30:22.998444] GOLD-I	405/2335	Errno.429	Too busy
[2021-08-31 09:32:42.693063] GOLD-I	420/2335	Errno.503	Service unavailable. But continue. Retry: 3
[2021-08-31 09:32:59.227651] GOLD-I	433/2335	Errno.503	Service unavailable. But continue. Retry: 3
[2021-08-31 09:33:07.474472] GOLD-I	438/2335	Errno.503	Service unavailable. But continue. Retry: 3
[2021-08-31 09:33:09.266706] GOLD-I	438/2335	Errno.503	Service unavailable. But continue. Retry: 2
[2021-08-31 09:33:11.137458] GOLD-I	438/2335	Errno.503	Service unavailable. But continue. Retry: 1
[2021-08-31 09:33:11.137458] GOLD-I	438/2335	Errno.503	Service unavailable. Pass! Retry: 0
[2021-08-31 09:33:25.069538] GOLD-I	451/2335	Errno.429	Too busy
[2021-08-31 09:35:30.482228] GOLD-I	454/2335	Errno.503	Service unavailable. But continue. Retry: 3
[2021-08-31 09:35:36.147059] GOLD-I	457/2335	Errno.503	Service unavailable. But continue. Retry: 3
[2021-08-31 09:35:38.009613] GOLD-I	457/2335	Errno.503	Service unavailable. But continue. Retry: 2
[2021-08-31 09:35:56.973502] GOLD-I	471/2335	Errno.200	Unknown error. But continue. Retry: 3
[2021-08-31 09:36:16.344039] GOLD-I	486/2335	Errno.200	Unknown error. But continue. Retry: 3
[2021-08-31 09:36:28.843070] GOLD-I	496/2335	Errno.429	Too busy
[2021-08-31 09:39:38.972075] GOLD-I	546/2335	Errno.429	Too busy
[2021-08-31 09:41:43.699529] GOLD-I	548/2335	Errno.503	Service unavailable. But continue. Retry: 3
[2021-08-31 09:42:38.514357] GOLD-I	595/2335	Errno.429	Too busy
[2021-08-31 09:45:37.766146] GOLD-I	643/2335	Errno.200	Unknown error. But continue. Retry: 3
[2021-08-31 09:45:39.602384] GOLD-I	644/2335	Errno.429	Too busy
[2021-08-31 09:49:03.670886] GOLD-I	694/2335	Errno.429	Too busy
[2021-08-31 09:52:39.506354] GOLD-I	744/2335	Errno.429	Too busy
[2021-08-31 09:55:42.350786] GOLD-I	794/2335	Errno.429	Too busy
[2021-08-31 09:57:50.498733] GOLD-I	799/2335	Errno.200	Unknown error. But continue. Retry: 3
[2021-08-31 09:59:14.011596] GOLD-I	843/2335	Errno.429	Too busy
[2021-08-31 10:02:50.958982] GOLD-I	893/2335	Errno.429	Too busy
[2021-08-31 10:05:08.434638] GOLD-I	906/2335	Errno.200	Unknown error. But continue. Retry: 3
[2021-08-31 10:05:51.947512] GOLD-I	942/2335	Errno.429	Too busy
[2021-08-31 10:07:56.806813] GOLD-I	945/2335	Errno.200	Unknown error. But continue. Retry: 3
[2021-08-31 10:08:50.970043] GOLD-I	991/2335	Errno.429	Too busy
[2021-08-31 10:11:49.924108] GOLD-I	1041/2335	Errno.429	Too busy
[2021-08-31 10:14:16.368878] GOLD-I	1061/2335	Errno.503	Service unavailable. But continue. Retry: 3
[2021-08-31 10:14:44.045346] GOLD-I	1078/2335	Errno.200	Unknown error. But continue. Retry: 3
[2021-08-31 10:15:12.778351] GOLD-I	1089/2335	Errno.429	Too busy
[2021-08-31 10:18:34.900042] GOLD-I	1139/2335	Errno.429	Too busy
[2021-08-31 10:20:54.679607] GOLD-I	1155/2335	Errno.200	Unknown error. But continue. Retry: 3
[2021-08-31 10:21:31.002986] GOLD-I	1184/2335	Errno.200	Unknown error. But continue. Retry: 3
[2021-08-31 10:21:34.716019] GOLD-I	1187/2335	Errno.429	Too busy
